# JRE version: OpenJDK Runtime Environment Temurin-17.0.7+7 (17.0.7+7) (build 17.0.7+7)
# Java VM: OpenJDK 64-Bit Server VM Temurin-17.0.7+7 (17.0.7+7, mixed mode, tiered, compressed oops, compressed class ptrs, parallel gc, windows-amd64)
GC Precious Log:
 CPUs: 12 total, 12 available
 Memory: 32533M
 Large Page Support: Disabled
 NUMA Support: Disabled
 Compressed Oops: Enabled (32-bit)
 Alignments: Space 512K, Generation 512K, Heap 2M
 Heap Min Capacity: 100M
 Heap Initial Capacity: 100M
 Heap Max Capacity: 1G
 Pre-touch: Disabled
 Parallel Workers: 10
Heap:
 PSYoungGen      total 5120K, used 5120K [0x00000000eab00000, 0x00000000eb280000, 0x0000000100000000)
  eden space 4608K, 100% used [0x00000000eab00000,0x00000000eaf80000,0x00000000eaf80000)
  from space 512K, 100% used [0x00000000eb200000,0x00000000eb280000,0x00000000eb280000)
  to   space 1536K, 47% used [0x00000000eaf80000,0x00000000eb035200,0x00000000eb100000)
 ParOldGen       total 145920K, used 131749K [0x00000000c0000000, 0x00000000c8e80000, 0x00000000eab00000)
  object space 145920K, 90% used [0x00000000c0000000,0x00000000c80a94e0,0x00000000c8e80000)
 Metaspace       used 89185K, committed 90496K, reserved 1179648K
  class space    used 9360K, committed 9920K, reserved 1048576K
GC Heap History (20 events):
Event: 108.244 GC heap after
{Heap after GC invocations=766 (full 25):
 PSYoungGen      total 5632K, used 660K [0x00000000eab00000, 0x00000000eb400000, 0x0000000100000000)
  eden space 4608K, 0% used [0x00000000eab00000,0x00000000eab00000,0x00000000eaf80000)
  from space 1024K, 64% used [0x00000000eb280000,0x00000000eb325200,0x00000000eb380000)
  to   space 512K, 0% used [0x00000000eb380000,0x00000000eb380000,0x00000000eb400000)
 ParOldGen       total 145920K, used 125384K [0x00000000c0000000, 0x00000000c8e80000, 0x00000000eab00000)
  object space 145920K, 85% used [0x00000000c0000000,0x00000000c7a72320,0x00000000c8e80000)
 Metaspace       used 89164K, committed 90432K, reserved 1179648K
  class space    used 9356K, committed 9920K, reserved 1048576K
}
Event: 108.248 GC heap before
{Heap before GC invocations=767 (full 25):
 PSYoungGen      total 5632K, used 5268K [0x00000000eab00000, 0x00000000eb400000, 0x0000000100000000)
  eden space 4608K, 100% used [0x00000000eab00000,0x00000000eaf80000,0x00000000eaf80000)
  from space 1024K, 64% used [0x00000000eb280000,0x00000000eb325200,0x00000000eb380000)
  to   space 512K, 0% used [0x00000000eb380000,0x00000000eb380000,0x00000000eb400000)
 ParOldGen       total 145920K, used 125384K [0x00000000c0000000, 0x00000000c8e80000, 0x00000000eab00000)
  object space 145920K, 85% used [0x00000000c0000000,0x00000000c7a72320,0x00000000c8e80000)
 Metaspace       used 89164K, committed 90432K, reserved 1179648K
  class space    used 9356K, committed 9920K, reserved 1048576K
}
Event: 108.248 GC heap after
{Heap after GC invocations=767 (full 25):
 PSYoungGen      total 5120K, used 512K [0x00000000eab00000, 0x00000000eb400000, 0x0000000100000000)
  eden space 4608K, 0% used [0x00000000eab00000,0x00000000eab00000,0x00000000eaf80000)
  from space 512K, 100% used [0x00000000eb380000,0x00000000eb400000,0x00000000eb400000)
  to   space 1536K, 0% used [0x00000000eb100000,0x00000000eb100000,0x00000000eb280000)
 ParOldGen       total 145920K, used 126009K [0x00000000c0000000, 0x00000000c8e80000, 0x00000000eab00000)
  object space 145920K, 86% used [0x00000000c0000000,0x00000000c7b0e5d8,0x00000000c8e80000)
 Metaspace       used 89164K, committed 90432K, reserved 1179648K
  class space    used 9356K, committed 9920K, reserved 1048576K
}
Event: 108.254 GC heap before
{Heap before GC invocations=768 (full 25):
 PSYoungGen      total 5120K, used 5120K [0x00000000eab00000, 0x00000000eb400000, 0x0000000100000000)
  eden space 4608K, 100% used [0x00000000eab00000,0x00000000eaf80000,0x00000000eaf80000)
  from space 512K, 100% used [0x00000000eb380000,0x00000000eb400000,0x00000000eb400000)
  to   space 1536K, 0% used [0x00000000eb100000,0x00000000eb100000,0x00000000eb280000)
 ParOldGen       total 145920K, used 126009K [0x00000000c0000000, 0x00000000c8e80000, 0x00000000eab00000)
  object space 145920K, 86% used [0x00000000c0000000,0x00000000c7b0e5d8,0x00000000c8e80000)
 Metaspace       used 89164K, committed 90432K, reserved 1179648K
  class space    used 9356K, committed 9920K, reserved 1048576K
}
Event: 108.255 GC heap after
{Heap after GC invocations=768 (full 25):
 PSYoungGen      total 6144K, used 986K [0x00000000eab00000, 0x00000000eb400000, 0x0000000100000000)
  eden space 4608K, 0% used [0x00000000eab00000,0x00000000eab00000,0x00000000eaf80000)
  from space 1536K, 64% used [0x00000000eb100000,0x00000000eb1f6900,0x00000000eb280000)
  to   space 1536K, 0% used [0x00000000eb280000,0x00000000eb280000,0x00000000eb400000)
 ParOldGen       total 145920K, used 126513K [0x00000000c0000000, 0x00000000c8e80000, 0x00000000eab00000)
  object space 145920K, 86% used [0x00000000c0000000,0x00000000c7b8c5e8,0x00000000c8e80000)
 Metaspace       used 89164K, committed 90432K, reserved 1179648K
  class space    used 9356K, committed 9920K, reserved 1048576K
}
Event: 108.963 GC heap before
{Heap before GC invocations=769 (full 25):
 PSYoungGen      total 6144K, used 5594K [0x00000000eab00000, 0x00000000eb400000, 0x0000000100000000)
  eden space 4608K, 100% used [0x00000000eab00000,0x00000000eaf80000,0x00000000eaf80000)
  from space 1536K, 64% used [0x00000000eb100000,0x00000000eb1f6900,0x00000000eb280000)
  to   space 1536K, 0% used [0x00000000eb280000,0x00000000eb280000,0x00000000eb400000)
 ParOldGen       total 145920K, used 126513K [0x00000000c0000000, 0x00000000c8e80000, 0x00000000eab00000)
  object space 145920K, 86% used [0x00000000c0000000,0x00000000c7b8c5e8,0x00000000c8e80000)
 Metaspace       used 89178K, committed 90432K, reserved 1179648K
  class space    used 9360K, committed 9920K, reserved 1048576K
}
Event: 108.964 GC heap after
{Heap after GC invocations=769 (full 25):
 PSYoungGen      total 5632K, used 704K [0x00000000eab00000, 0x00000000eb380000, 0x0000000100000000)
  eden space 4608K, 0% used [0x00000000eab00000,0x00000000eab00000,0x00000000eaf80000)
  from space 1024K, 68% used [0x00000000eb280000,0x00000000eb330000,0x00000000eb380000)
  to   space 1024K, 0% used [0x00000000eb180000,0x00000000eb180000,0x00000000eb280000)
 ParOldGen       total 145920K, used 127362K [0x00000000c0000000, 0x00000000c8e80000, 0x00000000eab00000)
  object space 145920K, 87% used [0x00000000c0000000,0x00000000c7c608b0,0x00000000c8e80000)
 Metaspace       used 89178K, committed 90432K, reserved 1179648K
  class space    used 9360K, committed 9920K, reserved 1048576K
}
Event: 108.968 GC heap before
{Heap before GC invocations=770 (full 25):
 PSYoungGen      total 5632K, used 5312K [0x00000000eab00000, 0x00000000eb380000, 0x0000000100000000)
  eden space 4608K, 100% used [0x00000000eab00000,0x00000000eaf80000,0x00000000eaf80000)
  from space 1024K, 68% used [0x00000000eb280000,0x00000000eb330000,0x00000000eb380000)
  to   space 1024K, 0% used [0x00000000eb180000,0x00000000eb180000,0x00000000eb280000)
 ParOldGen       total 145920K, used 127362K [0x00000000c0000000, 0x00000000c8e80000, 0x00000000eab00000)
  object space 145920K, 87% used [0x00000000c0000000,0x00000000c7c608b0,0x00000000c8e80000)
 Metaspace       used 89178K, committed 90432K, reserved 1179648K
  class space    used 9360K, committed 9920K, reserved 1048576K
}
Event: 108.968 GC heap after
{Heap after GC invocations=770 (full 25):
 PSYoungGen      total 5632K, used 714K [0x00000000eab00000, 0x00000000eb300000, 0x0000000100000000)
  eden space 4608K, 0% used [0x00000000eab00000,0x00000000eab00000,0x00000000eaf80000)
  from space 1024K, 69% used [0x00000000eb180000,0x00000000eb232910,0x00000000eb280000)
  to   space 512K, 0% used [0x00000000eb280000,0x00000000eb280000,0x00000000eb300000)
 ParOldGen       total 145920K, used 127878K [0x00000000c0000000, 0x00000000c8e80000, 0x00000000eab00000)
  object space 145920K, 87% used [0x00000000c0000000,0x00000000c7ce1958,0x00000000c8e80000)
 Metaspace       used 89178K, committed 90432K, reserved 1179648K
  class space    used 9360K, committed 9920K, reserved 1048576K
}
Event: 108.974 GC heap before
{Heap before GC invocations=771 (full 25):
 PSYoungGen      total 5632K, used 5322K [0x00000000eab00000, 0x00000000eb300000, 0x0000000100000000)
  eden space 4608K, 100% used [0x00000000eab00000,0x00000000eaf80000,0x00000000eaf80000)
  from space 1024K, 69% used [0x00000000eb180000,0x00000000eb232910,0x00000000eb280000)
  to   space 512K, 0% used [0x00000000eb280000,0x00000000eb280000,0x00000000eb300000)
 ParOldGen       total 145920K, used 127878K [0x00000000c0000000, 0x00000000c8e80000, 0x00000000eab00000)
  object space 145920K, 87% used [0x00000000c0000000,0x00000000c7ce1958,0x00000000c8e80000)
 Metaspace       used 89179K, committed 90432K, reserved 1179648K
  class space    used 9360K, committed 9920K, reserved 1048576K
}
Event: 108.975 GC heap after
{Heap after GC invocations=771 (full 25):
 PSYoungGen      total 5120K, used 512K [0x00000000eab00000, 0x00000000eb380000, 0x0000000100000000)
  eden space 4608K, 0% used [0x00000000eab00000,0x00000000eab00000,0x00000000eaf80000)
  from space 512K, 100% used [0x00000000eb280000,0x00000000eb300000,0x00000000eb300000)
  to   space 2048K, 0% used [0x00000000eaf80000,0x00000000eaf80000,0x00000000eb180000)
 ParOldGen       total 145920K, used 128855K [0x00000000c0000000, 0x00000000c8e80000, 0x00000000eab00000)
  object space 145920K, 88% used [0x00000000c0000000,0x00000000c7dd5d98,0x00000000c8e80000)
 Metaspace       used 89179K, committed 90432K, reserved 1179648K
  class space    used 9360K, committed 9920K, reserved 1048576K
}
Event: 109.605 GC heap before
{Heap before GC invocations=772 (full 25):
 PSYoungGen      total 5120K, used 5120K [0x00000000eab00000, 0x00000000eb380000, 0x0000000100000000)
  eden space 4608K, 100% used [0x00000000eab00000,0x00000000eaf80000,0x00000000eaf80000)
  from space 512K, 100% used [0x00000000eb280000,0x00000000eb300000,0x00000000eb300000)
  to   space 2048K, 0% used [0x00000000eaf80000,0x00000000eaf80000,0x00000000eb180000)
 ParOldGen       total 145920K, used 128855K [0x00000000c0000000, 0x00000000c8e80000, 0x00000000eab00000)
  object space 145920K, 88% used [0x00000000c0000000,0x00000000c7dd5d98,0x00000000c8e80000)
 Metaspace       used 89180K, committed 90432K, reserved 1179648K
  class space    used 9360K, committed 9920K, reserved 1048576K
}
Event: 109.606 GC heap after
{Heap after GC invocations=772 (full 25):
 PSYoungGen      total 6656K, used 640K [0x00000000eab00000, 0x00000000eb300000, 0x0000000100000000)
  eden space 4608K, 0% used [0x00000000eab00000,0x00000000eab00000,0x00000000eaf80000)
  from space 2048K, 31% used [0x00000000eaf80000,0x00000000eb020000,0x00000000eb180000)
  to   space 1024K, 0% used [0x00000000eb200000,0x00000000eb200000,0x00000000eb300000)
 ParOldGen       total 145920K, used 129367K [0x00000000c0000000, 0x00000000c8e80000, 0x00000000eab00000)
  object space 145920K, 88% used [0x00000000c0000000,0x00000000c7e55fd8,0x00000000c8e80000)
 Metaspace       used 89180K, committed 90432K, reserved 1179648K
  class space    used 9360K, committed 9920K, reserved 1048576K
}
Event: 109.611 GC heap before
{Heap before GC invocations=773 (full 25):
 PSYoungGen      total 6656K, used 5248K [0x00000000eab00000, 0x00000000eb300000, 0x0000000100000000)
  eden space 4608K, 100% used [0x00000000eab00000,0x00000000eaf80000,0x00000000eaf80000)
  from space 2048K, 31% used [0x00000000eaf80000,0x00000000eb020000,0x00000000eb180000)
  to   space 1024K, 0% used [0x00000000eb200000,0x00000000eb200000,0x00000000eb300000)
 ParOldGen       total 145920K, used 129367K [0x00000000c0000000, 0x00000000c8e80000, 0x00000000eab00000)
  object space 145920K, 88% used [0x00000000c0000000,0x00000000c7e55fd8,0x00000000c8e80000)
 Metaspace       used 89180K, committed 90432K, reserved 1179648K
  class space    used 9360K, committed 9920K, reserved 1048576K
}
Event: 109.611 GC heap after
{Heap after GC invocations=773 (full 25):
 PSYoungGen      total 5632K, used 682K [0x00000000eab00000, 0x00000000eb300000, 0x0000000100000000)
  eden space 4608K, 0% used [0x00000000eab00000,0x00000000eab00000,0x00000000eaf80000)
  from space 1024K, 66% used [0x00000000eb200000,0x00000000eb2aa910,0x00000000eb300000)
  to   space 1024K, 0% used [0x00000000eb100000,0x00000000eb100000,0x00000000eb200000)
 ParOldGen       total 145920K, used 129835K [0x00000000c0000000, 0x00000000c8e80000, 0x00000000eab00000)
  object space 145920K, 88% used [0x00000000c0000000,0x00000000c7ecafe8,0x00000000c8e80000)
 Metaspace       used 89180K, committed 90432K, reserved 1179648K
  class space    used 9360K, committed 9920K, reserved 1048576K
}
Event: 109.617 GC heap before
{Heap before GC invocations=774 (full 25):
 PSYoungGen      total 5632K, used 5290K [0x00000000eab00000, 0x00000000eb300000, 0x0000000100000000)
  eden space 4608K, 100% used [0x00000000eab00000,0x00000000eaf80000,0x00000000eaf80000)
  from space 1024K, 66% used [0x00000000eb200000,0x00000000eb2aa910,0x00000000eb300000)
  to   space 1024K, 0% used [0x00000000eb100000,0x00000000eb100000,0x00000000eb200000)
 ParOldGen       total 145920K, used 129835K [0x00000000c0000000, 0x00000000c8e80000, 0x00000000eab00000)
  object space 145920K, 88% used [0x00000000c0000000,0x00000000c7ecafe8,0x00000000c8e80000)
 Metaspace       used 89183K, committed 90496K, reserved 1179648K
  class space    used 9360K, committed 9920K, reserved 1048576K
}
Event: 109.617 GC heap after
{Heap after GC invocations=774 (full 25):
 PSYoungGen      total 5632K, used 1002K [0x00000000eab00000, 0x00000000eb280000, 0x0000000100000000)
  eden space 4608K, 0% used [0x00000000eab00000,0x00000000eab00000,0x00000000eaf80000)
  from space 1024K, 97% used [0x00000000eb100000,0x00000000eb1fa910,0x00000000eb200000)
  to   space 512K, 0% used [0x00000000eb200000,0x00000000eb200000,0x00000000eb280000)
 ParOldGen       total 145920K, used 130432K [0x00000000c0000000, 0x00000000c8e80000, 0x00000000eab00000)
  object space 145920K, 89% used [0x00000000c0000000,0x00000000c7f60208,0x00000000c8e80000)
 Metaspace       used 89183K, committed 90496K, reserved 1179648K
  class space    used 9360K, committed 9920K, reserved 1048576K
}
Event: 109.622 GC heap before
{Heap before GC invocations=775 (full 25):
 PSYoungGen      total 5632K, used 5610K [0x00000000eab00000, 0x00000000eb280000, 0x0000000100000000)
  eden space 4608K, 100% used [0x00000000eab00000,0x00000000eaf80000,0x00000000eaf80000)
  from space 1024K, 97% used [0x00000000eb100000,0x00000000eb1fa910,0x00000000eb200000)
  to   space 512K, 0% used [0x00000000eb200000,0x00000000eb200000,0x00000000eb280000)
 ParOldGen       total 145920K, used 130432K [0x00000000c0000000, 0x00000000c8e80000, 0x00000000eab00000)
  object space 145920K, 89% used [0x00000000c0000000,0x00000000c7f60208,0x00000000c8e80000)
 Metaspace       used 89185K, committed 90496K, reserved 1179648K
  class space    used 9360K, committed 9920K, reserved 1048576K
}
Event: 109.622 GC heap after
{Heap after GC invocations=775 (full 25):
 PSYoungGen      total 5120K, used 512K [0x00000000eab00000, 0x00000000eb280000, 0x0000000100000000)
  eden space 4608K, 0% used [0x00000000eab00000,0x00000000eab00000,0x00000000eaf80000)
  from space 512K, 100% used [0x00000000eb200000,0x00000000eb280000,0x00000000eb280000)
  to   space 1536K, 0% used [0x00000000eaf80000,0x00000000eaf80000,0x00000000eb100000)
 ParOldGen       total 145920K, used 131333K [0x00000000c0000000, 0x00000000c8e80000, 0x00000000eab00000)
  object space 145920K, 90% used [0x00000000c0000000,0x00000000c80414e0,0x00000000c8e80000)
 Metaspace       used 89185K, committed 90496K, reserved 1179648K
  class space    used 9360K, committed 9920K, reserved 1048576K
}
Event: 109.925 GC heap before
{Heap before GC invocations=776 (full 25):
 PSYoungGen      total 5120K, used 5120K [0x00000000eab00000, 0x00000000eb280000, 0x0000000100000000)
  eden space 4608K, 100% used [0x00000000eab00000,0x00000000eaf80000,0x00000000eaf80000)
  from space 512K, 100% used [0x00000000eb200000,0x00000000eb280000,0x00000000eb280000)
  to   space 1536K, 0% used [0x00000000eaf80000,0x00000000eaf80000,0x00000000eb100000)
 ParOldGen       total 145920K, used 131333K [0x00000000c0000000, 0x00000000c8e80000, 0x00000000eab00000)
  object space 145920K, 90% used [0x00000000c0000000,0x00000000c80414e0,0x00000000c8e80000)
 Metaspace       used 89185K, committed 90496K, reserved 1179648K
  class space    used 9360K, committed 9920K, reserved 1048576K
}

